{"/home/webreflection/code/ascjs/test.js":{"path":"/home/webreflection/code/ascjs/test.js","s":{"1":1,"2":1,"3":76,"4":1,"5":1,"6":1,"7":25},"b":{},"f":{},"fnMap":{},"statementMap":{"1":{"start":{"line":1,"column":0},"end":{"line":1,"column":36}},"2":{"start":{"line":3,"column":0},"end":{"line":3,"column":45}},"3":{"start":{"line":3,"column":21},"end":{"line":3,"column":44}},"4":{"start":{"line":5,"column":0},"end":{"line":109,"column":2}},"5":{"start":{"line":111,"column":0},"end":{"line":111,"column":96}},"6":{"start":{"line":113,"column":0},"end":{"line":118,"column":3}},"7":{"start":{"line":114,"column":2},"end":{"line":117,"column":4}}},"branchMap":{}},"/home/webreflection/code/ascjs/index.js":{"path":"/home/webreflection/code/ascjs/index.js","s":{"1":1,"2":1,"3":1,"4":36,"5":1,"6":4,"7":1,"8":22,"9":22,"10":22,"11":22,"12":22,"13":22,"14":22,"15":22,"16":22,"17":22,"18":22,"19":16,"20":24,"21":4,"22":4,"23":4,"24":4,"25":4,"26":16,"27":16,"28":16,"29":12,"30":6,"31":22,"32":2,"33":2,"34":2,"35":2,"36":8,"37":8,"38":8,"39":8,"40":6,"41":2,"42":4,"43":6,"44":2,"45":2,"46":8,"47":16,"48":16,"49":16,"50":16,"51":16,"52":16,"53":28,"54":16,"55":4,"56":4,"57":8,"58":16,"59":4,"60":16,"61":1,"62":50,"63":50,"64":50,"65":50,"66":56,"67":48,"68":50,"69":50,"70":48,"71":48,"72":50,"73":50,"74":1,"75":1},"b":{"1":[4,32],"2":[10,12],"3":[10,12],"4":[6,16],"5":[16,6],"6":[16,6],"7":[4,4,16],"8":[12,4],"9":[12,4],"10":[2,6,2],"11":[2,4],"12":[10,6],"13":[4,12],"14":[10,18],"15":[10,18],"16":[4,12],"17":[4,12],"18":[48,8],"19":[48,2]},"f":{"1":22,"2":2,"3":8,"4":16},"fnMap":{"1":{"name":"(anonymous_1)","line":9,"loc":{"start":{"line":9,"column":19},"end":{"line":9,"column":32}}},"2":{"name":"(anonymous_2)","line":59,"loc":{"start":{"line":59,"column":22},"end":{"line":59,"column":35}}},"3":{"name":"(anonymous_3)","line":72,"loc":{"start":{"line":72,"column":26},"end":{"line":72,"column":39}}},"4":{"name":"(anonymous_4)","line":96,"loc":{"start":{"line":96,"column":24},"end":{"line":96,"column":37}}}},"statementMap":{"1":{"start":{"line":1,"column":0},"end":{"line":1,"column":33}},"2":{"start":{"line":3,"column":0},"end":{"line":3,"column":89}},"3":{"start":{"line":4,"column":0},"end":{"line":4,"column":78}},"4":{"start":{"line":4,"column":26},"end":{"line":4,"column":77}},"5":{"start":{"line":5,"column":0},"end":{"line":5,"column":96}},"6":{"start":{"line":5,"column":37},"end":{"line":5,"column":95}},"7":{"start":{"line":7,"column":0},"end":{"line":125,"column":2}},"8":{"start":{"line":10,"column":4},"end":{"line":10,"column":31}},"9":{"start":{"line":11,"column":4},"end":{"line":11,"column":54}},"10":{"start":{"line":12,"column":4},"end":{"line":12,"column":49}},"11":{"start":{"line":13,"column":4},"end":{"line":13,"column":54}},"12":{"start":{"line":14,"column":4},"end":{"line":14,"column":54}},"13":{"start":{"line":15,"column":4},"end":{"line":15,"column":58}},"14":{"start":{"line":16,"column":4},"end":{"line":16,"column":42}},"15":{"start":{"line":17,"column":4},"end":{"line":17,"column":24}},"16":{"start":{"line":18,"column":4},"end":{"line":18,"column":26}},"17":{"start":{"line":19,"column":4},"end":{"line":19,"column":43}},"18":{"start":{"line":20,"column":4},"end":{"line":50,"column":5}},"19":{"start":{"line":21,"column":6},"end":{"line":42,"column":9}},"20":{"start":{"line":22,"column":8},"end":{"line":41,"column":9}},"21":{"start":{"line":24,"column":12},"end":{"line":26,"column":14}},"22":{"start":{"line":27,"column":12},"end":{"line":27,"column":49}},"23":{"start":{"line":28,"column":12},"end":{"line":28,"column":18}},"24":{"start":{"line":30,"column":12},"end":{"line":32,"column":14}},"25":{"start":{"line":33,"column":12},"end":{"line":33,"column":18}},"26":{"start":{"line":35,"column":12},"end":{"line":39,"column":14}},"27":{"start":{"line":40,"column":12},"end":{"line":40,"column":18}},"28":{"start":{"line":43,"column":6},"end":{"line":47,"column":7}},"29":{"start":{"line":44,"column":8},"end":{"line":46,"column":10}},"30":{"start":{"line":49,"column":6},"end":{"line":49,"column":46}},"31":{"start":{"line":51,"column":4},"end":{"line":56,"column":6}},"32":{"start":{"line":60,"column":4},"end":{"line":60,"column":31}},"33":{"start":{"line":61,"column":4},"end":{"line":61,"column":49}},"34":{"start":{"line":62,"column":4},"end":{"line":64,"column":11}},"35":{"start":{"line":65,"column":4},"end":{"line":69,"column":6}},"36":{"start":{"line":73,"column":4},"end":{"line":73,"column":41}},"37":{"start":{"line":74,"column":4},"end":{"line":74,"column":49}},"38":{"start":{"line":75,"column":4},"end":{"line":75,"column":12}},"39":{"start":{"line":76,"column":4},"end":{"line":88,"column":5}},"40":{"start":{"line":79,"column":8},"end":{"line":83,"column":9}},"41":{"start":{"line":80,"column":10},"end":{"line":80,"column":101}},"42":{"start":{"line":82,"column":10},"end":{"line":82,"column":72}},"43":{"start":{"line":84,"column":8},"end":{"line":84,"column":14}},"44":{"start":{"line":86,"column":8},"end":{"line":86,"column":70}},"45":{"start":{"line":87,"column":8},"end":{"line":87,"column":14}},"46":{"start":{"line":89,"column":4},"end":{"line":93,"column":6}},"47":{"start":{"line":97,"column":4},"end":{"line":97,"column":41}},"48":{"start":{"line":98,"column":4},"end":{"line":98,"column":31}},"49":{"start":{"line":99,"column":4},"end":{"line":99,"column":49}},"50":{"start":{"line":100,"column":4},"end":{"line":100,"column":46}},"51":{"start":{"line":101,"column":4},"end":{"line":101,"column":40}},"52":{"start":{"line":102,"column":4},"end":{"line":108,"column":7}},"53":{"start":{"line":103,"column":6},"end":{"line":107,"column":38}},"54":{"start":{"line":109,"column":4},"end":{"line":114,"column":5}},"55":{"start":{"line":110,"column":6},"end":{"line":110,"column":50}},"56":{"start":{"line":111,"column":6},"end":{"line":113,"column":9}},"57":{"start":{"line":112,"column":8},"end":{"line":112,"column":78}},"58":{"start":{"line":115,"column":4},"end":{"line":117,"column":12}},"59":{"start":{"line":115,"column":16},"end":{"line":117,"column":12}},"60":{"start":{"line":118,"column":4},"end":{"line":123,"column":6}},"61":{"start":{"line":127,"column":0},"end":{"line":146,"column":2}},"62":{"start":{"line":128,"column":2},"end":{"line":128,"column":17}},"63":{"start":{"line":129,"column":2},"end":{"line":129,"column":20}},"64":{"start":{"line":130,"column":2},"end":{"line":130,"column":25}},"65":{"start":{"line":131,"column":2},"end":{"line":135,"column":5}},"66":{"start":{"line":132,"column":4},"end":{"line":134,"column":5}},"67":{"start":{"line":133,"column":6},"end":{"line":133,"column":50}},"68":{"start":{"line":136,"column":2},"end":{"line":136,"column":31}},"69":{"start":{"line":137,"column":2},"end":{"line":143,"column":3}},"70":{"start":{"line":138,"column":4},"end":{"line":141,"column":6}},"71":{"start":{"line":142,"column":4},"end":{"line":142,"column":22}},"72":{"start":{"line":144,"column":2},"end":{"line":144,"column":63}},"73":{"start":{"line":145,"column":2},"end":{"line":145,"column":22}},"74":{"start":{"line":148,"column":0},"end":{"line":152,"column":2}},"75":{"start":{"line":154,"column":0},"end":{"line":154,"column":23}}},"branchMap":{"1":{"line":4,"type":"cond-expr","locations":[{"start":{"line":4,"column":47},"end":{"line":4,"column":57}},{"start":{"line":4,"column":60},"end":{"line":4,"column":77}}]},"2":{"line":13,"type":"cond-expr","locations":[{"start":{"line":13,"column":39},"end":{"line":13,"column":48}},{"start":{"line":13,"column":51},"end":{"line":13,"column":53}}]},"3":{"line":14,"type":"cond-expr","locations":[{"start":{"line":14,"column":39},"end":{"line":14,"column":48}},{"start":{"line":14,"column":51},"end":{"line":14,"column":53}}]},"4":{"line":15,"type":"cond-expr","locations":[{"start":{"line":15,"column":41},"end":{"line":15,"column":50}},{"start":{"line":15,"column":53},"end":{"line":15,"column":57}}]},"5":{"line":16,"type":"cond-expr","locations":[{"start":{"line":16,"column":33},"end":{"line":16,"column":36}},{"start":{"line":16,"column":39},"end":{"line":16,"column":41}}]},"6":{"line":20,"type":"if","locations":[{"start":{"line":20,"column":4},"end":{"line":20,"column":4}},{"start":{"line":20,"column":4},"end":{"line":20,"column":4}}]},"7":{"line":22,"type":"switch","locations":[{"start":{"line":23,"column":10},"end":{"line":28,"column":18}},{"start":{"line":29,"column":10},"end":{"line":33,"column":18}},{"start":{"line":34,"column":10},"end":{"line":40,"column":18}}]},"8":{"line":36,"type":"cond-expr","locations":[{"start":{"line":37,"column":14},"end":{"line":37,"column":34}},{"start":{"line":38,"column":14},"end":{"line":38,"column":67}}]},"9":{"line":43,"type":"if","locations":[{"start":{"line":43,"column":6},"end":{"line":43,"column":6}},{"start":{"line":43,"column":6},"end":{"line":43,"column":6}}]},"10":{"line":76,"type":"switch","locations":[{"start":{"line":77,"column":6},"end":{"line":77,"column":34}},{"start":{"line":78,"column":6},"end":{"line":84,"column":14}},{"start":{"line":85,"column":6},"end":{"line":87,"column":14}}]},"11":{"line":79,"type":"if","locations":[{"start":{"line":79,"column":8},"end":{"line":79,"column":8}},{"start":{"line":79,"column":8},"end":{"line":79,"column":8}}]},"12":{"line":100,"type":"cond-expr","locations":[{"start":{"line":100,"column":33},"end":{"line":100,"column":38}},{"start":{"line":100,"column":41},"end":{"line":100,"column":45}}]},"13":{"line":101,"type":"cond-expr","locations":[{"start":{"line":101,"column":23},"end":{"line":101,"column":34}},{"start":{"line":101,"column":37},"end":{"line":101,"column":39}}]},"14":{"line":104,"type":"cond-expr","locations":[{"start":{"line":104,"column":17},"end":{"line":104,"column":21}},{"start":{"line":104,"column":24},"end":{"line":104,"column":26}}]},"15":{"line":106,"type":"cond-expr","locations":[{"start":{"line":106,"column":17},"end":{"line":106,"column":21}},{"start":{"line":106,"column":24},"end":{"line":106,"column":26}}]},"16":{"line":109,"type":"if","locations":[{"start":{"line":109,"column":4},"end":{"line":109,"column":4}},{"start":{"line":109,"column":4},"end":{"line":109,"column":4}}]},"17":{"line":115,"type":"if","locations":[{"start":{"line":115,"column":4},"end":{"line":115,"column":4}},{"start":{"line":115,"column":4},"end":{"line":115,"column":4}}]},"18":{"line":132,"type":"if","locations":[{"start":{"line":132,"column":4},"end":{"line":132,"column":4}},{"start":{"line":132,"column":4},"end":{"line":132,"column":4}}]},"19":{"line":144,"type":"cond-expr","locations":[{"start":{"line":144,"column":20},"end":{"line":144,"column":54}},{"start":{"line":144,"column":57},"end":{"line":144,"column":61}}]}}}}