{"/home/webreflection/code/ascjs/test.js":{"path":"/home/webreflection/code/ascjs/test.js","s":{"1":1,"2":1,"3":76,"4":1,"5":1,"6":1,"7":25},"b":{},"f":{},"fnMap":{},"statementMap":{"1":{"start":{"line":1,"column":0},"end":{"line":1,"column":36}},"2":{"start":{"line":3,"column":0},"end":{"line":3,"column":45}},"3":{"start":{"line":3,"column":21},"end":{"line":3,"column":44}},"4":{"start":{"line":5,"column":0},"end":{"line":109,"column":2}},"5":{"start":{"line":111,"column":0},"end":{"line":111,"column":96}},"6":{"start":{"line":113,"column":0},"end":{"line":118,"column":3}},"7":{"start":{"line":114,"column":2},"end":{"line":117,"column":4}}},"branchMap":{}},"/home/webreflection/code/ascjs/index.js":{"path":"/home/webreflection/code/ascjs/index.js","s":{"1":1,"2":1,"3":1,"4":1,"5":36,"6":1,"7":4,"8":1,"9":76,"10":1,"11":48,"12":1,"13":22,"14":22,"15":22,"16":22,"17":22,"18":22,"19":22,"20":22,"21":22,"22":22,"23":22,"24":16,"25":24,"26":4,"27":4,"28":4,"29":4,"30":16,"31":16,"32":16,"33":12,"34":6,"35":22,"36":2,"37":2,"38":2,"39":2,"40":8,"41":8,"42":8,"43":8,"44":6,"45":2,"46":4,"47":6,"48":2,"49":2,"50":8,"51":16,"52":16,"53":16,"54":16,"55":16,"56":16,"57":28,"58":16,"59":4,"60":4,"61":8,"62":16,"63":4,"64":16,"65":1,"66":50,"67":50,"68":50,"69":50,"70":310,"71":48,"72":50,"73":50,"74":50,"75":48,"76":48,"77":50,"78":50,"79":1},"b":{"1":[4,32],"2":[10,12],"3":[10,12],"4":[6,16],"5":[16,6],"6":[16,6],"7":[4,4,16],"8":[12,4],"9":[12,4],"10":[2,6,2],"11":[2,4],"12":[10,6],"13":[4,12],"14":[10,18],"15":[10,18],"16":[4,12],"17":[4,12],"18":[48,262],"19":[48,2]},"f":{"1":22,"2":2,"3":8,"4":16},"fnMap":{"1":{"name":"(anonymous_1)","line":22,"loc":{"start":{"line":22,"column":19},"end":{"line":22,"column":32}}},"2":{"name":"(anonymous_2)","line":66,"loc":{"start":{"line":66,"column":22},"end":{"line":66,"column":35}}},"3":{"name":"(anonymous_3)","line":75,"loc":{"start":{"line":75,"column":26},"end":{"line":75,"column":39}}},"4":{"name":"(anonymous_4)","line":95,"loc":{"start":{"line":95,"column":24},"end":{"line":95,"column":37}}}},"statementMap":{"1":{"start":{"line":1,"column":0},"end":{"line":1,"column":35}},"2":{"start":{"line":2,"column":0},"end":{"line":7,"column":2}},"3":{"start":{"line":9,"column":0},"end":{"line":9,"column":89}},"4":{"start":{"line":10,"column":0},"end":{"line":10,"column":78}},"5":{"start":{"line":10,"column":26},"end":{"line":10,"column":77}},"6":{"start":{"line":11,"column":0},"end":{"line":11,"column":93}},"7":{"start":{"line":11,"column":37},"end":{"line":11,"column":92}},"8":{"start":{"line":13,"column":0},"end":{"line":13,"column":71}},"9":{"start":{"line":13,"column":30},"end":{"line":13,"column":70}},"10":{"start":{"line":14,"column":0},"end":{"line":18,"column":3}},"11":{"start":{"line":14,"column":35},"end":{"line":18,"column":1}},"12":{"start":{"line":20,"column":0},"end":{"line":119,"column":2}},"13":{"start":{"line":23,"column":4},"end":{"line":23,"column":31}},"14":{"start":{"line":24,"column":4},"end":{"line":24,"column":37}},"15":{"start":{"line":25,"column":4},"end":{"line":25,"column":34}},"16":{"start":{"line":26,"column":4},"end":{"line":26,"column":54}},"17":{"start":{"line":27,"column":4},"end":{"line":27,"column":54}},"18":{"start":{"line":28,"column":4},"end":{"line":28,"column":58}},"19":{"start":{"line":29,"column":4},"end":{"line":29,"column":42}},"20":{"start":{"line":30,"column":4},"end":{"line":30,"column":24}},"21":{"start":{"line":31,"column":4},"end":{"line":31,"column":26}},"22":{"start":{"line":32,"column":4},"end":{"line":32,"column":43}},"23":{"start":{"line":33,"column":4},"end":{"line":62,"column":5}},"24":{"start":{"line":34,"column":6},"end":{"line":54,"column":9}},"25":{"start":{"line":35,"column":8},"end":{"line":53,"column":9}},"26":{"start":{"line":37,"column":12},"end":{"line":39,"column":14}},"27":{"start":{"line":40,"column":12},"end":{"line":40,"column":18}},"28":{"start":{"line":42,"column":12},"end":{"line":44,"column":14}},"29":{"start":{"line":45,"column":12},"end":{"line":45,"column":18}},"30":{"start":{"line":47,"column":12},"end":{"line":51,"column":14}},"31":{"start":{"line":52,"column":12},"end":{"line":52,"column":18}},"32":{"start":{"line":55,"column":6},"end":{"line":59,"column":7}},"33":{"start":{"line":56,"column":8},"end":{"line":58,"column":10}},"34":{"start":{"line":61,"column":6},"end":{"line":61,"column":46}},"35":{"start":{"line":63,"column":4},"end":{"line":63,"column":49}},"36":{"start":{"line":67,"column":4},"end":{"line":67,"column":31}},"37":{"start":{"line":68,"column":4},"end":{"line":68,"column":34}},"38":{"start":{"line":69,"column":4},"end":{"line":71,"column":10}},"39":{"start":{"line":72,"column":4},"end":{"line":72,"column":33}},"40":{"start":{"line":76,"column":4},"end":{"line":76,"column":41}},"41":{"start":{"line":77,"column":4},"end":{"line":77,"column":34}},"42":{"start":{"line":78,"column":4},"end":{"line":78,"column":12}},"43":{"start":{"line":79,"column":4},"end":{"line":91,"column":5}},"44":{"start":{"line":82,"column":8},"end":{"line":86,"column":9}},"45":{"start":{"line":83,"column":10},"end":{"line":83,"column":101}},"46":{"start":{"line":85,"column":10},"end":{"line":85,"column":72}},"47":{"start":{"line":87,"column":8},"end":{"line":87,"column":14}},"48":{"start":{"line":89,"column":8},"end":{"line":89,"column":70}},"49":{"start":{"line":90,"column":8},"end":{"line":90,"column":14}},"50":{"start":{"line":92,"column":4},"end":{"line":92,"column":33}},"51":{"start":{"line":96,"column":4},"end":{"line":96,"column":41}},"52":{"start":{"line":97,"column":4},"end":{"line":97,"column":31}},"53":{"start":{"line":98,"column":4},"end":{"line":98,"column":34}},"54":{"start":{"line":99,"column":4},"end":{"line":99,"column":46}},"55":{"start":{"line":100,"column":4},"end":{"line":100,"column":40}},"56":{"start":{"line":101,"column":4},"end":{"line":107,"column":7}},"57":{"start":{"line":102,"column":6},"end":{"line":106,"column":38}},"58":{"start":{"line":108,"column":4},"end":{"line":113,"column":5}},"59":{"start":{"line":109,"column":6},"end":{"line":109,"column":50}},"60":{"start":{"line":110,"column":6},"end":{"line":112,"column":9}},"61":{"start":{"line":111,"column":8},"end":{"line":111,"column":78}},"62":{"start":{"line":114,"column":4},"end":{"line":116,"column":12}},"63":{"start":{"line":114,"column":16},"end":{"line":116,"column":12}},"64":{"start":{"line":117,"column":4},"end":{"line":117,"column":40}},"65":{"start":{"line":121,"column":0},"end":{"line":149,"column":2}},"66":{"start":{"line":122,"column":2},"end":{"line":122,"column":17}},"67":{"start":{"line":123,"column":2},"end":{"line":123,"column":20}},"68":{"start":{"line":124,"column":2},"end":{"line":124,"column":25}},"69":{"start":{"line":125,"column":2},"end":{"line":137,"column":4}},"70":{"start":{"line":133,"column":6},"end":{"line":135,"column":7}},"71":{"start":{"line":134,"column":8},"end":{"line":134,"column":52}},"72":{"start":{"line":138,"column":2},"end":{"line":138,"column":31}},"73":{"start":{"line":139,"column":2},"end":{"line":139,"column":12}},"74":{"start":{"line":140,"column":2},"end":{"line":146,"column":3}},"75":{"start":{"line":141,"column":4},"end":{"line":144,"column":6}},"76":{"start":{"line":145,"column":4},"end":{"line":145,"column":22}},"77":{"start":{"line":147,"column":2},"end":{"line":147,"column":42}},"78":{"start":{"line":148,"column":2},"end":{"line":148,"column":42}},"79":{"start":{"line":151,"column":0},"end":{"line":151,"column":23}}},"branchMap":{"1":{"line":10,"type":"cond-expr","locations":[{"start":{"line":10,"column":47},"end":{"line":10,"column":57}},{"start":{"line":10,"column":60},"end":{"line":10,"column":77}}]},"2":{"line":26,"type":"cond-expr","locations":[{"start":{"line":26,"column":39},"end":{"line":26,"column":48}},{"start":{"line":26,"column":51},"end":{"line":26,"column":53}}]},"3":{"line":27,"type":"cond-expr","locations":[{"start":{"line":27,"column":39},"end":{"line":27,"column":48}},{"start":{"line":27,"column":51},"end":{"line":27,"column":53}}]},"4":{"line":28,"type":"cond-expr","locations":[{"start":{"line":28,"column":41},"end":{"line":28,"column":50}},{"start":{"line":28,"column":53},"end":{"line":28,"column":57}}]},"5":{"line":29,"type":"cond-expr","locations":[{"start":{"line":29,"column":33},"end":{"line":29,"column":36}},{"start":{"line":29,"column":39},"end":{"line":29,"column":41}}]},"6":{"line":33,"type":"if","locations":[{"start":{"line":33,"column":4},"end":{"line":33,"column":4}},{"start":{"line":33,"column":4},"end":{"line":33,"column":4}}]},"7":{"line":35,"type":"switch","locations":[{"start":{"line":36,"column":10},"end":{"line":40,"column":18}},{"start":{"line":41,"column":10},"end":{"line":45,"column":18}},{"start":{"line":46,"column":10},"end":{"line":52,"column":18}}]},"8":{"line":48,"type":"cond-expr","locations":[{"start":{"line":49,"column":14},"end":{"line":49,"column":34}},{"start":{"line":50,"column":14},"end":{"line":50,"column":67}}]},"9":{"line":55,"type":"if","locations":[{"start":{"line":55,"column":6},"end":{"line":55,"column":6}},{"start":{"line":55,"column":6},"end":{"line":55,"column":6}}]},"10":{"line":79,"type":"switch","locations":[{"start":{"line":80,"column":6},"end":{"line":80,"column":34}},{"start":{"line":81,"column":6},"end":{"line":87,"column":14}},{"start":{"line":88,"column":6},"end":{"line":90,"column":14}}]},"11":{"line":82,"type":"if","locations":[{"start":{"line":82,"column":8},"end":{"line":82,"column":8}},{"start":{"line":82,"column":8},"end":{"line":82,"column":8}}]},"12":{"line":99,"type":"cond-expr","locations":[{"start":{"line":99,"column":33},"end":{"line":99,"column":38}},{"start":{"line":99,"column":41},"end":{"line":99,"column":45}}]},"13":{"line":100,"type":"cond-expr","locations":[{"start":{"line":100,"column":23},"end":{"line":100,"column":34}},{"start":{"line":100,"column":37},"end":{"line":100,"column":39}}]},"14":{"line":103,"type":"cond-expr","locations":[{"start":{"line":103,"column":17},"end":{"line":103,"column":21}},{"start":{"line":103,"column":24},"end":{"line":103,"column":26}}]},"15":{"line":105,"type":"cond-expr","locations":[{"start":{"line":105,"column":17},"end":{"line":105,"column":21}},{"start":{"line":105,"column":24},"end":{"line":105,"column":26}}]},"16":{"line":108,"type":"if","locations":[{"start":{"line":108,"column":4},"end":{"line":108,"column":4}},{"start":{"line":108,"column":4},"end":{"line":108,"column":4}}]},"17":{"line":114,"type":"if","locations":[{"start":{"line":114,"column":4},"end":{"line":114,"column":4}},{"start":{"line":114,"column":4},"end":{"line":114,"column":4}}]},"18":{"line":133,"type":"if","locations":[{"start":{"line":133,"column":6},"end":{"line":133,"column":6}},{"start":{"line":133,"column":6},"end":{"line":133,"column":6}}]},"19":{"line":147,"type":"cond-expr","locations":[{"start":{"line":147,"column":20},"end":{"line":147,"column":33}},{"start":{"line":147,"column":36},"end":{"line":147,"column":40}}]}}}}