TN:
SF:/home/webreflection/code/ascjs/test.js
FNF:0
FNH:0
DA:1,1
DA:3,88
DA:5,1
DA:127,1
DA:129,1
DA:130,29
DA:136,1
LF:7
LH:7
BRF:0
BRH:0
end_of_record
TN:
SF:/home/webreflection/code/ascjs/index.js
FN:46,(anonymous_1)
FN:90,(anonymous_2)
FN:99,(anonymous_3)
FN:119,(anonymous_4)
FNF:4
FNH:4
FNDA:25,(anonymous_1)
FNDA:2,(anonymous_2)
FNDA:13,(anonymous_3)
FNDA:18,(anonymous_4)
DA:1,1
DA:2,1
DA:32,1
DA:33,1
DA:34,38
DA:35,5
DA:37,89
DA:38,58
DA:44,1
DA:47,25
DA:48,25
DA:49,25
DA:50,25
DA:51,25
DA:52,25
DA:53,25
DA:54,25
DA:55,25
DA:56,25
DA:57,25
DA:58,17
DA:59,25
DA:61,5
DA:64,5
DA:66,4
DA:69,4
DA:71,16
DA:76,16
DA:79,17
DA:80,12
DA:85,8
DA:87,25
DA:91,2
DA:92,2
DA:93,2
DA:96,2
DA:100,13
DA:101,13
DA:102,13
DA:103,13
DA:106,11
DA:107,5
DA:109,6
DA:111,11
DA:113,2
DA:114,2
DA:116,13
DA:120,18
DA:121,18
DA:122,18
DA:123,18
DA:124,18
DA:125,18
DA:126,28
DA:132,18
DA:133,6
DA:134,6
DA:135,10
DA:138,18
DA:141,18
DA:145,1
DA:146,59
DA:147,59
DA:151,59
DA:152,59
DA:153,59
DA:154,59
DA:155,59
DA:156,59
DA:164,59
DA:165,68
DA:166,58
DA:169,59
DA:170,59
DA:171,59
DA:172,58
DA:176,58
DA:178,59
DA:179,59
DA:182,1
DA:183,31
DA:186,1
DA:187,1
DA:188,1
LF:84
LH:84
BRDA:34,1,0,4
BRDA:34,1,1,34
BRDA:50,2,0,10
BRDA:50,2,1,15
BRDA:51,3,0,10
BRDA:51,3,1,15
BRDA:52,4,0,6
BRDA:52,4,1,19
BRDA:53,5,0,17
BRDA:53,5,1,8
BRDA:57,6,0,17
BRDA:57,6,1,8
BRDA:59,7,0,5
BRDA:59,7,1,4
BRDA:59,7,2,16
BRDA:72,8,0,12
BRDA:72,8,1,4
BRDA:79,9,0,12
BRDA:79,9,1,5
BRDA:103,10,0,2
BRDA:103,10,1,11
BRDA:103,10,2,2
BRDA:106,11,0,5
BRDA:106,11,1,6
BRDA:123,12,0,10
BRDA:123,12,1,8
BRDA:124,13,0,4
BRDA:124,13,1,14
BRDA:127,14,0,10
BRDA:127,14,1,18
BRDA:129,15,0,10
BRDA:129,15,1,18
BRDA:132,16,0,6
BRDA:132,16,1,12
BRDA:134,17,0,6
BRDA:134,17,1,2
BRDA:138,18,0,4
BRDA:138,18,1,14
BRDA:146,19,0,58
BRDA:146,19,1,1
BRDA:148,20,0,59
BRDA:148,20,1,58
BRDA:149,21,0,59
BRDA:149,21,1,58
BRDA:165,22,0,58
BRDA:165,22,1,10
BRDA:178,23,0,57
BRDA:178,23,1,2
BRDA:183,24,0,2
BRDA:183,24,1,29
BRF:50
BRH:50
end_of_record
