TN:
SF:/home/webreflection/code/ascjs/test.js
FNF:0
FNH:0
DA:1,1
DA:3,76
DA:5,1
DA:111,1
DA:113,1
DA:114,25
LF:6
LH:6
BRF:0
BRH:0
end_of_record
TN:
SF:/home/webreflection/code/ascjs/index.js
FN:9,(anonymous_1)
FN:58,(anonymous_2)
FN:71,(anonymous_3)
FN:95,(anonymous_4)
FNF:4
FNH:4
FNDA:22,(anonymous_1)
FNDA:2,(anonymous_2)
FNDA:8,(anonymous_3)
FNDA:16,(anonymous_4)
DA:1,1
DA:3,1
DA:4,36
DA:5,4
DA:7,1
DA:10,22
DA:11,22
DA:12,22
DA:13,22
DA:14,22
DA:15,22
DA:16,22
DA:17,22
DA:18,22
DA:19,22
DA:20,22
DA:21,16
DA:22,24
DA:24,4
DA:27,4
DA:29,4
DA:32,4
DA:34,16
DA:39,16
DA:42,16
DA:43,12
DA:48,6
DA:50,22
DA:59,2
DA:60,2
DA:61,2
DA:64,2
DA:72,8
DA:73,8
DA:74,8
DA:75,8
DA:78,6
DA:79,2
DA:81,4
DA:83,6
DA:85,2
DA:86,2
DA:88,8
DA:96,16
DA:97,16
DA:98,16
DA:99,16
DA:100,16
DA:101,16
DA:102,28
DA:108,16
DA:109,4
DA:110,4
DA:111,8
DA:114,16
DA:117,16
DA:126,1
DA:127,50
DA:128,50
DA:129,50
DA:130,50
DA:131,56
DA:132,48
DA:135,50
DA:136,50
DA:137,48
DA:141,48
DA:143,50
DA:144,50
DA:147,1
DA:154,1
LF:71
LH:71
BRDA:4,1,0,4
BRDA:4,1,1,32
BRDA:13,2,0,10
BRDA:13,2,1,12
BRDA:14,3,0,10
BRDA:14,3,1,12
BRDA:15,4,0,6
BRDA:15,4,1,16
BRDA:16,5,0,16
BRDA:16,5,1,6
BRDA:20,6,0,16
BRDA:20,6,1,6
BRDA:22,7,0,4
BRDA:22,7,1,4
BRDA:22,7,2,16
BRDA:35,8,0,12
BRDA:35,8,1,4
BRDA:42,9,0,12
BRDA:42,9,1,4
BRDA:75,10,0,2
BRDA:75,10,1,6
BRDA:75,10,2,2
BRDA:78,11,0,2
BRDA:78,11,1,4
BRDA:99,12,0,10
BRDA:99,12,1,6
BRDA:100,13,0,4
BRDA:100,13,1,12
BRDA:103,14,0,10
BRDA:103,14,1,18
BRDA:105,15,0,10
BRDA:105,15,1,18
BRDA:108,16,0,4
BRDA:108,16,1,12
BRDA:114,17,0,4
BRDA:114,17,1,12
BRDA:131,18,0,48
BRDA:131,18,1,8
BRDA:143,19,0,48
BRDA:143,19,1,2
BRF:40
BRH:40
end_of_record
